[debug] Incomplete(node=None, tpe=init$default$2, msg=None, causes=List(), directCause=Some(java.lang.RuntimeException: Tests unsuccessful))
[debug] Incomplete(node=Some(ScopedKey(Scope(Select(ProjectRef(file:/Users/atistler/mailproc/,default-6e45cf)),Select(ConfigKey(test)),Global,Global),test-only)), tpe=init$default$2, msg=None, causes=List(Incomplete(node=None, tpe=init$default$2, msg=None, causes=List(), directCause=Some(java.lang.RuntimeException: Tests unsuccessful))), directCause=Some(java.lang.RuntimeException: Tests unsuccessful))
[debug] Incomplete(node=None, tpe=init$default$2, msg=None, causes=List(Incomplete(node=Some(ScopedKey(Scope(Select(ProjectRef(file:/Users/atistler/mailproc/,default-6e45cf)),Select(ConfigKey(test)),Global,Global),test-only)), tpe=init$default$2, msg=None, causes=List(Incomplete(node=None, tpe=init$default$2, msg=None, causes=List(), directCause=Some(java.lang.RuntimeException: Tests unsuccessful))), directCause=Some(java.lang.RuntimeException: Tests unsuccessful))), directCause=None)
